<?xml version="1.0" encoding="UTF-8"?>
<!-- Generated by org.testng.reporters.JUnitReportReporter -->
<testsuite hostname="Himanshus-MacBook-Air.local" failures="0" tests="4" name="Module4.iTechTest" time="41.852" errors="0" timestamp="2022-12-11T20:13:46 IST" skipped="0">
  <testcase classname="Module4.iTechTest" name="printHeaders" time="8.592"/>
  <system-out/>
  <testcase classname="Module4.iTechTest" name="printFeatures" time="9.211"/>
  <system-out/>
  <testcase classname="Module4.iTechTest" name="printTechnologies" time="9.257"/>
  <system-out/>
  <testcase classname="Module4.iTechTest" name="testgetQuote" time="14.792"/>
  <system-out/>
</testsuite> <!-- Module4.iTechTest -->
