<?xml version="1.0" encoding="UTF-8"?>
<!-- Generated by org.testng.reporters.JUnitReportReporter -->
<testsuite hostname="Himanshus-MacBook-Air.local" failures="0" tests="4" name="Module4.Assignment4Test" time="40.767" errors="0" timestamp="2022-12-11T20:15:16 IST" skipped="0">
  <testcase classname="Module4.Assignment4Test" name="printHeaders" time="7.371"/>
  <system-out/>
  <testcase classname="Module4.Assignment4Test" name="printFeatures" time="9.510"/>
  <system-out/>
  <testcase classname="Module4.Assignment4Test" name="printTechnologies" time="9.999"/>
  <system-out/>
  <testcase classname="Module4.Assignment4Test" name="testgetQuote" time="13.887"/>
  <system-out/>
</testsuite> <!-- Module4.Assignment4Test -->
