<?xml version="1.0" encoding="UTF-8"?>
<!-- Generated by org.testng.reporters.JUnitReportReporter -->
<testsuite hostname="Himanshus-MacBook-Air.local" failures="0" tests="1" name="Module3.Assignment1" time="11.027" errors="0" timestamp="2022-11-29T21:58:30 IST" skipped="0">
  <testcase classname="Module3.Assignment1" name="login" time="11.027"/>
  <system-out/>
</testsuite> <!-- Module3.Assignment1 -->
