<?xml version="1.0" encoding="UTF-8"?>
<!-- Generated by org.testng.reporters.JUnitReportReporter -->
<testsuite hostname="Himanshus-MacBook-Air.local" failures="0" tests="3" name="Module4.vDoctorTest" time="35.190" errors="0" timestamp="2022-12-11T19:53:26 IST" skipped="0">
  <testcase classname="Module4.vDoctorTest" name="printFeatures" time="8.955"/>
  <system-out/>
  <testcase classname="Module4.vDoctorTest" name="printTechnologies" time="11.939"/>
  <system-out/>
  <testcase classname="Module4.vDoctorTest" name="testgetQuote" time="14.296"/>
  <system-out/>
</testsuite> <!-- Module4.vDoctorTest -->
