<?xml version="1.0" encoding="UTF-8"?>
<!-- Generated by org.testng.reporters.JUnitReportReporter -->
<testsuite hostname="Himanshus-MacBook-Air.local" failures="0" tests="1" name="Test.test1" time="9.792" errors="0" timestamp="2022-12-11T17:43:08 IST" skipped="0">
  <testcase classname="Test.test1" name="launch" time="9.792"/>
  <system-out/>
</testsuite> <!-- Test.test1 -->
