<?xml version="1.0" encoding="UTF-8"?>
<!-- Generated by org.testng.reporters.JUnitReportReporter -->
<testsuite hostname="Himanshus-MacBook-Air.local" failures="0" tests="1" name="Module3.Assignment2" time="11.255" errors="0" timestamp="2022-11-30T01:05:25 IST" skipped="0">
  <testcase classname="Module3.Assignment2" name="login" time="11.255"/>
  <system-out/>
</testsuite> <!-- Module3.Assignment2 -->
