<?xml version="1.0" encoding="UTF-8"?>
<!-- Generated by org.testng.reporters.JUnitReportReporter -->
<testsuite hostname="Himanshus-MacBook-Air.local" failures="0" tests="1" name="Module4.Assignment1" time="12.097" errors="0" timestamp="2022-12-01T15:22:21 IST" skipped="0">
  <testcase classname="Module4.Assignment1" name="loginTest" time="12.097"/>
  <system-out/>
</testsuite> <!-- Module4.Assignment1 -->
